This is pdfTeX, Version 3.14159265-2.6-1.40.16 (TeX Live 2015/Debian) (preloaded format=pdflatex 2018.12.13)  4 FEB 2019 23:52
entering extended mode
 restricted \write18 enabled.
 %&-line parsing enabled.
**PS_Vorlage.tex
(./PS_Vorlage.tex
LaTeX2e <2016/02/01>
Babel <3.9q> and hyphenation patterns for 81 language(s) loaded.
(./PS_de.cls

LaTeX Warning: You have requested document class `PS_de',
               but the document class provides `PS'.

Document Class: PS 2005/09/13 revision V1.6c by Michael Shell
-- See the "IEEEtran_HOWTO" manual for usage information.
-- The source comments contain changelog notes.
\@IEEEtrantmpdimenA=\dimen102
\@IEEEtrantmpdimenB=\dimen103
\@IEEEtrantmpcountA=\count79
\@IEEEtrantmpcountB=\count80
\@IEEEtrantmptoksA=\toks14
LaTeX Font Info:    Try loading font information for OT1+ptm on input line 787.

(/usr/share/texlive/texmf-dist/tex/latex/psnfss/ot1ptm.fd
File: ot1ptm.fd 2001/06/04 font definitions for OT1/ptm.
)
\@IEEEnormalsizefontbaselineskip=\skip41

-- This is a 10 point document.
\normalsizebaselineskip=\skip42
\normaljot=\skip43
LaTeX Font Info:    Font shape `OT1/ptm/bx/n' in size <5> not available
(Font)              Font shape `OT1/ptm/b/n' tried instead on input line 1106.
LaTeX Font Info:    Font shape `OT1/ptm/bx/it' in size <5> not available
(Font)              Font shape `OT1/ptm/b/it' tried instead on input line 1106.

LaTeX Font Info:    Font shape `OT1/ptm/bx/n' in size <7> not available
(Font)              Font shape `OT1/ptm/b/n' tried instead on input line 1106.
LaTeX Font Info:    Font shape `OT1/ptm/bx/it' in size <7> not available
(Font)              Font shape `OT1/ptm/b/it' tried instead on input line 1106.

LaTeX Font Info:    Font shape `OT1/ptm/bx/n' in size <8> not available
(Font)              Font shape `OT1/ptm/b/n' tried instead on input line 1106.
LaTeX Font Info:    Font shape `OT1/ptm/bx/it' in size <8> not available
(Font)              Font shape `OT1/ptm/b/it' tried instead on input line 1106.

LaTeX Font Info:    Font shape `OT1/ptm/bx/n' in size <9> not available
(Font)              Font shape `OT1/ptm/b/n' tried instead on input line 1106.
LaTeX Font Info:    Font shape `OT1/ptm/bx/it' in size <9> not available
(Font)              Font shape `OT1/ptm/b/it' tried instead on input line 1106.

LaTeX Font Info:    Font shape `OT1/ptm/bx/n' in size <10> not available
(Font)              Font shape `OT1/ptm/b/n' tried instead on input line 1106.
LaTeX Font Info:    Font shape `OT1/ptm/bx/it' in size <10> not available
(Font)              Font shape `OT1/ptm/b/it' tried instead on input line 1106.

LaTeX Font Info:    Font shape `OT1/ptm/bx/n' in size <11> not available
(Font)              Font shape `OT1/ptm/b/n' tried instead on input line 1106.
LaTeX Font Info:    Font shape `OT1/ptm/bx/it' in size <11> not available
(Font)              Font shape `OT1/ptm/b/it' tried instead on input line 1106.

LaTeX Font Info:    Font shape `OT1/ptm/bx/n' in size <12> not available
(Font)              Font shape `OT1/ptm/b/n' tried instead on input line 1106.
LaTeX Font Info:    Font shape `OT1/ptm/bx/it' in size <12> not available
(Font)              Font shape `OT1/ptm/b/it' tried instead on input line 1106.

LaTeX Font Info:    Font shape `OT1/ptm/bx/n' in size <17> not available
(Font)              Font shape `OT1/ptm/b/n' tried instead on input line 1106.
LaTeX Font Info:    Font shape `OT1/ptm/bx/it' in size <17> not available
(Font)              Font shape `OT1/ptm/b/it' tried instead on input line 1106.

LaTeX Font Info:    Font shape `OT1/ptm/bx/n' in size <20> not available
(Font)              Font shape `OT1/ptm/b/n' tried instead on input line 1106.
LaTeX Font Info:    Font shape `OT1/ptm/bx/it' in size <20> not available
(Font)              Font shape `OT1/ptm/b/it' tried instead on input line 1106.

LaTeX Font Info:    Font shape `OT1/ptm/bx/n' in size <24> not available
(Font)              Font shape `OT1/ptm/b/n' tried instead on input line 1106.
LaTeX Font Info:    Font shape `OT1/ptm/bx/it' in size <24> not available
(Font)              Font shape `OT1/ptm/b/it' tried instead on input line 1106.

\IEEEilabelindentA=\dimen104
\IEEEilabelindentB=\dimen105
\IEEEilabelindent=\dimen106
\IEEEelabelindent=\dimen107
\IEEEdlabelindent=\dimen108
\labelindent=\dimen109
\IEEEiednormlabelsep=\dimen110
\IEEEiedmathlabelsep=\dimen111
\IEEEiedtopsep=\skip44
\c@section=\count81
\c@subsection=\count82
\c@subsubsection=\count83
\c@paragraph=\count84
\c@IEEEsubequation=\count85
\abovecaptionskip=\skip45
\belowcaptionskip=\skip46
\c@figure=\count86
\c@table=\count87
\@IEEEeqnnumcols=\count88
\@IEEEeqncolcnt=\count89
\@IEEEtmpitemindent=\dimen112
\c@biography=\count90
\@IEEEtranrubishbin=\box26
) (./PS_de.sty (/usr/share/texlive/texmf-dist/tex/generic/german/ngerman.sty
v2.5e 1998-07-08
Package: ngerman 1998/07/08 v2.5e Support for writing german texts (br)
\grmnU@D=\dimen113
ngerman -- \language number for naustrian undefined, default 10 used.
) (/usr/share/texlive/texmf-dist/tex/latex/cite/cite.sty
LaTeX Info: Redefining \cite on input line 302.
LaTeX Info: Redefining \nocite on input line 332.
Package: cite 2015/02/27  v 5.5
)
(/usr/share/texlive/texmf-dist/tex/latex/graphics/graphicx.sty
Package: graphicx 2014/10/28 v1.0g Enhanced LaTeX Graphics (DPC,SPQR)

(/usr/share/texlive/texmf-dist/tex/latex/graphics/keyval.sty
Package: keyval 2014/10/28 v1.15 key=value parser (DPC)
\KV@toks@=\toks15
)
(/usr/share/texlive/texmf-dist/tex/latex/graphics/graphics.sty
Package: graphics 2016/01/03 v1.0q Standard LaTeX Graphics (DPC,SPQR)

(/usr/share/texlive/texmf-dist/tex/latex/graphics/trig.sty
Package: trig 2016/01/03 v1.10 sin cos tan (DPC)
)
(/usr/share/texlive/texmf-dist/tex/latex/latexconfig/graphics.cfg
File: graphics.cfg 2010/04/23 v1.9 graphics configuration of TeX Live
)
Package graphics Info: Driver file: pdftex.def on input line 95.

(/usr/share/texlive/texmf-dist/tex/latex/pdftex-def/pdftex.def
File: pdftex.def 2011/05/27 v0.06d Graphics/color for pdfTeX

(/usr/share/texlive/texmf-dist/tex/generic/oberdiek/infwarerr.sty
Package: infwarerr 2010/04/08 v1.3 Providing info/warning/error messages (HO)
)
(/usr/share/texlive/texmf-dist/tex/generic/oberdiek/ltxcmds.sty
Package: ltxcmds 2011/11/09 v1.22 LaTeX kernel commands for general use (HO)
)
\Gread@gobject=\count91
))
\Gin@req@height=\dimen114
\Gin@req@width=\dimen115
)
(/usr/share/texlive/texmf-dist/tex/latex/psfrag/psfrag.sty
Package: psfrag 1998/04/11 v3.04 PSfrag (MCG)
\pfg@pcount=\count92
\pfg@scount=\count93
\pfg@temp=\write3
)
(/usr/share/texlive/texmf-dist/tex/latex/subfigure/subfigure.sty
Package: subfigure 2002/03/15 v2.1.5 subfigure package
\subfigtopskip=\skip47
\subfigcapskip=\skip48
\subfigcaptopadj=\dimen116
\subfigbottomskip=\skip49
\subfigcapmargin=\dimen117
\subfiglabelskip=\skip50
\c@subfigure=\count94
\c@lofdepth=\count95
\c@subtable=\count96
\c@lotdepth=\count97

****************************************
* Local config file subfigure.cfg used *
****************************************
(/usr/share/texlive/texmf-dist/tex/latex/subfigure/subfigure.cfg)
\subfig@top=\skip51
\subfig@bottom=\skip52
)
(/usr/share/texlive/texmf-dist/tex/latex/url/url.sty
\Urlmuskip=\muskip10
Package: url 2013/09/16  ver 3.4  Verb mode for urls, etc.
)
(/usr/share/texlive/texmf-dist/tex/latex/amsmath/amsmath.sty
Package: amsmath 2016/03/03 v2.15a AMS math features
\@mathmargin=\skip53

For additional information on amsmath, use the `?' option.
(/usr/share/texlive/texmf-dist/tex/latex/amsmath/amstext.sty
Package: amstext 2000/06/29 v2.01 AMS text

(/usr/share/texlive/texmf-dist/tex/latex/amsmath/amsgen.sty
File: amsgen.sty 1999/11/30 v2.0 generic functions
\@emptytoks=\toks16
\ex@=\dimen118
))
(/usr/share/texlive/texmf-dist/tex/latex/amsmath/amsbsy.sty
Package: amsbsy 1999/11/29 v1.2d Bold Symbols
\pmbraise@=\dimen119
)
(/usr/share/texlive/texmf-dist/tex/latex/amsmath/amsopn.sty
Package: amsopn 1999/12/14 v2.01 operator names
)
\inf@bad=\count98
LaTeX Info: Redefining \frac on input line 199.
\uproot@=\count99
\leftroot@=\count100
LaTeX Info: Redefining \overline on input line 297.
\classnum@=\count101
\DOTSCASE@=\count102
LaTeX Info: Redefining \ldots on input line 394.
LaTeX Info: Redefining \dots on input line 397.
LaTeX Info: Redefining \cdots on input line 518.
\Mathstrutbox@=\box27
\strutbox@=\box28
\big@size=\dimen120
LaTeX Font Info:    Redeclaring font encoding OML on input line 630.
LaTeX Font Info:    Redeclaring font encoding OMS on input line 631.
\macc@depth=\count103
\c@MaxMatrixCols=\count104
\dotsspace@=\muskip11
\c@parentequation=\count105
\dspbrk@lvl=\count106
\tag@help=\toks17
\row@=\count107
\column@=\count108
\maxfields@=\count109
\andhelp@=\toks18
\eqnshift@=\dimen121
\alignsep@=\dimen122
\tagshift@=\dimen123
\tagwidth@=\dimen124
\totwidth@=\dimen125
\lineht@=\dimen126
\@envbody=\toks19
\multlinegap=\skip54
\multlinetaggap=\skip55
\mathdisplay@stack=\toks20
LaTeX Info: Redefining \[ on input line 2735.
LaTeX Info: Redefining \] on input line 2736.
)
(/usr/share/texlive/texmf-dist/tex/latex/tools/array.sty
Package: array 2014/10/28 v2.4c Tabular extension package (FMi)
\col@sep=\dimen127
\extrarowheight=\dimen128
\NC@list=\toks21
\extratabsurround=\skip56
\backup@length=\skip57
))
(/usr/share/texlive/texmf-dist/tex/latex/base/fontenc.sty
Package: fontenc 2005/09/27 v1.99g Standard LaTeX package

(/usr/share/texlive/texmf-dist/tex/latex/base/t1enc.def
File: t1enc.def 2005/09/27 v1.99g Standard LaTeX file
LaTeX Font Info:    Redeclaring font encoding T1 on input line 48.
)
LaTeX Font Info:    Try loading font information for T1+ptm on input line 105.

(/usr/share/texlive/texmf-dist/tex/latex/psnfss/t1ptm.fd
File: t1ptm.fd 2001/06/04 font definitions for T1/ptm.
))
(/usr/share/texlive/texmf-dist/tex/latex/base/inputenc.sty
Package: inputenc 2015/03/17 v1.2c Input encoding file
\inpenc@prehook=\toks22
\inpenc@posthook=\toks23

(/usr/share/texlive/texmf-dist/tex/latex/base/latin1.def
File: latin1.def 2015/03/17 v1.2c Input encoding file
))
(/usr/share/texlive/texmf-dist/tex/latex/was/icomma.sty
Package: icomma 2002/03/10 v2.0 (WaS)
)
(/usr/share/texlive/texmf-dist/tex/latex/units/units.sty
Package: units 1998/08/04 v0.9b Typesetting units

(/usr/share/texlive/texmf-dist/tex/latex/base/ifthen.sty
Package: ifthen 2014/09/29 v1.1c Standard LaTeX ifthen package (DPC)
)
(/usr/share/texlive/texmf-dist/tex/latex/units/nicefrac.sty
Package: nicefrac 1998/08/04 v0.9b Nice fractions
\L@UnitsRaiseDisplaystyle=\skip58
\L@UnitsRaiseTextstyle=\skip59
\L@UnitsRaiseScriptstyle=\skip60
))
(/usr/share/texlive/texmf-dist/tex/latex/hyperref/hyperref.sty
Package: hyperref 2012/11/06 v6.83m Hypertext links for LaTeX

(/usr/share/texlive/texmf-dist/tex/generic/oberdiek/hobsub-hyperref.sty
Package: hobsub-hyperref 2012/05/28 v1.13 Bundle oberdiek, subset hyperref (HO)


(/usr/share/texlive/texmf-dist/tex/generic/oberdiek/hobsub-generic.sty
Package: hobsub-generic 2012/05/28 v1.13 Bundle oberdiek, subset generic (HO)
Package: hobsub 2012/05/28 v1.13 Construct package bundles (HO)
Package hobsub Info: Skipping package `infwarerr' (already loaded).
Package hobsub Info: Skipping package `ltxcmds' (already loaded).
Package: ifluatex 2010/03/01 v1.3 Provides the ifluatex switch (HO)
Package ifluatex Info: LuaTeX not detected.
Package: ifvtex 2010/03/01 v1.5 Detect VTeX and its facilities (HO)
Package ifvtex Info: VTeX not detected.
Package: intcalc 2007/09/27 v1.1 Expandable calculations with integers (HO)
Package: ifpdf 2011/01/30 v2.3 Provides the ifpdf switch (HO)
Package ifpdf Info: pdfTeX in PDF mode is detected.
Package: etexcmds 2011/02/16 v1.5 Avoid name clashes with e-TeX commands (HO)
Package etexcmds Info: Could not find \expanded.
(etexcmds)             That can mean that you are not using pdfTeX 1.50 or
(etexcmds)             that some package has redefined \expanded.
(etexcmds)             In the latter case, load this package earlier.
Package: kvsetkeys 2012/04/25 v1.16 Key value parser (HO)
Package: kvdefinekeys 2011/04/07 v1.3 Define keys (HO)
Package: pdftexcmds 2011/11/29 v0.20 Utility functions of pdfTeX for LuaTeX (HO
)
Package pdftexcmds Info: LuaTeX not detected.
Package pdftexcmds Info: \pdf@primitive is available.
Package pdftexcmds Info: \pdf@ifprimitive is available.
Package pdftexcmds Info: \pdfdraftmode found.
Package: pdfescape 2011/11/25 v1.13 Implements pdfTeX's escape features (HO)
Package: bigintcalc 2012/04/08 v1.3 Expandable calculations on big integers (HO
)
Package: bitset 2011/01/30 v1.1 Handle bit-vector datatype (HO)
Package: uniquecounter 2011/01/30 v1.2 Provide unlimited unique counter (HO)
)
Package hobsub Info: Skipping package `hobsub' (already loaded).
Package: letltxmacro 2010/09/02 v1.4 Let assignment for LaTeX macros (HO)
Package: hopatch 2012/05/28 v1.2 Wrapper for package hooks (HO)
Package: xcolor-patch 2011/01/30 xcolor patch
Package: atveryend 2011/06/30 v1.8 Hooks at the very end of document (HO)
Package atveryend Info: \enddocument detected (standard20110627).
Package: atbegshi 2011/10/05 v1.16 At begin shipout hook (HO)
Package: refcount 2011/10/16 v3.4 Data extraction from label references (HO)
Package: hycolor 2011/01/30 v1.7 Color options for hyperref/bookmark (HO)
)
(/usr/share/texlive/texmf-dist/tex/generic/ifxetex/ifxetex.sty
Package: ifxetex 2010/09/12 v0.6 Provides ifxetex conditional
)
(/usr/share/texlive/texmf-dist/tex/latex/oberdiek/auxhook.sty
Package: auxhook 2011/03/04 v1.3 Hooks for auxiliary files (HO)
)
(/usr/share/texlive/texmf-dist/tex/latex/oberdiek/kvoptions.sty
Package: kvoptions 2011/06/30 v3.11 Key value format for package options (HO)
)
\@linkdim=\dimen129
\Hy@linkcounter=\count110
\Hy@pagecounter=\count111

(/usr/share/texlive/texmf-dist/tex/latex/hyperref/pd1enc.def
File: pd1enc.def 2012/11/06 v6.83m Hyperref: PDFDocEncoding definition (HO)
)
\Hy@SavedSpaceFactor=\count112

(/usr/share/texlive/texmf-dist/tex/latex/latexconfig/hyperref.cfg
File: hyperref.cfg 2002/06/06 v1.2 hyperref configuration of TeXLive
)
Package hyperref Info: Option `final' set `true' on input line 4319.
Package hyperref Info: Hyper figures OFF on input line 4443.
Package hyperref Info: Link nesting OFF on input line 4448.
Package hyperref Info: Hyper index ON on input line 4451.
Package hyperref Info: Plain pages OFF on input line 4458.
Package hyperref Info: Backreferencing OFF on input line 4463.
Package hyperref Info: Implicit mode ON; LaTeX internals redefined.
Package hyperref Info: Bookmarks ON on input line 4688.
\c@Hy@tempcnt=\count113
LaTeX Info: Redefining \url on input line 5041.
\XeTeXLinkMargin=\dimen130
\Fld@menulength=\count114
\Field@Width=\dimen131
\Fld@charsize=\dimen132
Package hyperref Info: Hyper figures OFF on input line 6295.
Package hyperref Info: Link nesting OFF on input line 6300.
Package hyperref Info: Hyper index ON on input line 6303.
Package hyperref Info: backreferencing OFF on input line 6310.
Package hyperref Info: Link coloring OFF on input line 6315.
Package hyperref Info: Link coloring with OCG OFF on input line 6320.
Package hyperref Info: PDF/A mode OFF on input line 6325.
LaTeX Info: Redefining \ref on input line 6365.
LaTeX Info: Redefining \pageref on input line 6369.
\Hy@abspage=\count115
\c@Item=\count116
\c@Hfootnote=\count117
)

Package hyperref Message: Driver (autodetected): hpdftex.

(/usr/share/texlive/texmf-dist/tex/latex/hyperref/hpdftex.def
File: hpdftex.def 2012/11/06 v6.83m Hyperref driver for pdfTeX
\Fld@listcount=\count118
\c@bookmark@seq@number=\count119

(/usr/share/texlive/texmf-dist/tex/latex/oberdiek/rerunfilecheck.sty
Package: rerunfilecheck 2011/04/15 v1.7 Rerun checks for auxiliary files (HO)
Package uniquecounter Info: New unique counter `rerunfilecheck' on input line 2
82.
)
\Hy@SectionHShift=\skip61
)
(./PS_Vorlage.aux)
\openout1 = `PS_Vorlage.aux'.

LaTeX Font Info:    Checking defaults for OML/cmm/m/it on input line 25.
LaTeX Font Info:    ... okay on input line 25.
LaTeX Font Info:    Checking defaults for T1/cmr/m/n on input line 25.
LaTeX Font Info:    ... okay on input line 25.
LaTeX Font Info:    Checking defaults for OT1/cmr/m/n on input line 25.
LaTeX Font Info:    ... okay on input line 25.
LaTeX Font Info:    Checking defaults for OMS/cmsy/m/n on input line 25.
LaTeX Font Info:    ... okay on input line 25.
LaTeX Font Info:    Checking defaults for OMX/cmex/m/n on input line 25.
LaTeX Font Info:    ... okay on input line 25.
LaTeX Font Info:    Checking defaults for U/cmr/m/n on input line 25.
LaTeX Font Info:    ... okay on input line 25.
LaTeX Font Info:    Checking defaults for PD1/pdf/m/n on input line 25.
LaTeX Font Info:    ... okay on input line 25.
LaTeX Font Info:    Font shape `T1/ptm/bx/n' in size <5> not available
(Font)              Font shape `T1/ptm/b/n' tried instead on input line 25.
LaTeX Font Info:    Font shape `T1/ptm/bx/it' in size <5> not available
(Font)              Font shape `T1/ptm/b/it' tried instead on input line 25.
LaTeX Font Info:    Font shape `T1/ptm/bx/n' in size <7> not available
(Font)              Font shape `T1/ptm/b/n' tried instead on input line 25.
LaTeX Font Info:    Font shape `T1/ptm/bx/it' in size <7> not available
(Font)              Font shape `T1/ptm/b/it' tried instead on input line 25.
LaTeX Font Info:    Font shape `T1/ptm/bx/n' in size <8> not available
(Font)              Font shape `T1/ptm/b/n' tried instead on input line 25.
LaTeX Font Info:    Font shape `T1/ptm/bx/it' in size <8> not available
(Font)              Font shape `T1/ptm/b/it' tried instead on input line 25.
LaTeX Font Info:    Font shape `T1/ptm/bx/n' in size <9> not available
(Font)              Font shape `T1/ptm/b/n' tried instead on input line 25.
LaTeX Font Info:    Font shape `T1/ptm/bx/it' in size <9> not available
(Font)              Font shape `T1/ptm/b/it' tried instead on input line 25.
LaTeX Font Info:    Font shape `T1/ptm/bx/n' in size <10> not available
(Font)              Font shape `T1/ptm/b/n' tried instead on input line 25.
LaTeX Font Info:    Font shape `T1/ptm/bx/it' in size <10> not available
(Font)              Font shape `T1/ptm/b/it' tried instead on input line 25.
LaTeX Font Info:    Font shape `T1/ptm/bx/n' in size <11> not available
(Font)              Font shape `T1/ptm/b/n' tried instead on input line 25.
LaTeX Font Info:    Font shape `T1/ptm/bx/it' in size <11> not available
(Font)              Font shape `T1/ptm/b/it' tried instead on input line 25.
LaTeX Font Info:    Font shape `T1/ptm/bx/n' in size <12> not available
(Font)              Font shape `T1/ptm/b/n' tried instead on input line 25.
LaTeX Font Info:    Font shape `T1/ptm/bx/it' in size <12> not available
(Font)              Font shape `T1/ptm/b/it' tried instead on input line 25.
LaTeX Font Info:    Font shape `T1/ptm/bx/n' in size <17> not available
(Font)              Font shape `T1/ptm/b/n' tried instead on input line 25.
LaTeX Font Info:    Font shape `T1/ptm/bx/it' in size <17> not available
(Font)              Font shape `T1/ptm/b/it' tried instead on input line 25.
LaTeX Font Info:    Font shape `T1/ptm/bx/n' in size <20> not available
(Font)              Font shape `T1/ptm/b/n' tried instead on input line 25.
LaTeX Font Info:    Font shape `T1/ptm/bx/it' in size <20> not available
(Font)              Font shape `T1/ptm/b/it' tried instead on input line 25.
LaTeX Font Info:    Font shape `T1/ptm/bx/n' in size <24> not available
(Font)              Font shape `T1/ptm/b/n' tried instead on input line 25.
LaTeX Font Info:    Font shape `T1/ptm/bx/it' in size <24> not available
(Font)              Font shape `T1/ptm/b/it' tried instead on input line 25.

(/usr/share/texlive/texmf-dist/tex/context/base/supp-pdf.mkii
[Loading MPS to PDF converter (version 2006.09.02).]
\scratchcounter=\count120
\scratchdimen=\dimen133
\scratchbox=\box29
\nofMPsegments=\count121
\nofMParguments=\count122
\everyMPshowfont=\toks24
\MPscratchCnt=\count123
\MPscratchDim=\dimen134
\MPnumerator=\count124
\makeMPintoPDFobject=\count125
\everyMPtoPDFconversion=\toks25
) (/usr/share/texlive/texmf-dist/tex/latex/oberdiek/epstopdf-base.sty
Package: epstopdf-base 2010/02/09 v2.5 Base part for package epstopdf

(/usr/share/texlive/texmf-dist/tex/latex/oberdiek/grfext.sty
Package: grfext 2010/08/19 v1.1 Manage graphics extensions (HO)
)
Package grfext Info: Graphics extension search list:
(grfext)             [.png,.pdf,.jpg,.mps,.jpeg,.jbig2,.jb2,.PNG,.PDF,.JPG,.JPE
G,.JBIG2,.JB2,.eps]
(grfext)             \AppendGraphicsExtensions on input line 452.

(/usr/share/texlive/texmf-dist/tex/latex/latexconfig/epstopdf-sys.cfg
File: epstopdf-sys.cfg 2010/07/13 v1.3 Configuration of (r)epstopdf for TeX Liv
e
))
\AtBeginShipoutBox=\box30
Package hyperref Info: Link coloring OFF on input line 25.

(/usr/share/texlive/texmf-dist/tex/latex/hyperref/nameref.sty
Package: nameref 2012/10/27 v2.43 Cross-referencing by name of section

(/usr/share/texlive/texmf-dist/tex/generic/oberdiek/gettitlestring.sty
Package: gettitlestring 2010/12/03 v1.4 Cleanup title references (HO)
)
\c@section@level=\count126
)
LaTeX Info: Redefining \ref on input line 25.
LaTeX Info: Redefining \pageref on input line 25.
LaTeX Info: Redefining \nameref on input line 25.

(./PS_Vorlage.out) (./PS_Vorlage.out)
\@outlinefile=\write4
\openout4 = `PS_Vorlage.out'.


Underfull \hbox (badness 5893) in paragraph at lines 42--47
[]\T1/ptm/b/it/9 Zusammenfassung\T1/ptm/b/n/9 ---Bereits heu-te wer-den mehr-gl
ied-ri-ge,
 []

Package epstopdf Info: Source file: <./pics/rmr.eps>
(epstopdf)                    date: 2019-02-03 12:55:03
(epstopdf)                    size: 263974 bytes
(epstopdf)             Output file: <./pics/rmr-eps-converted-to.pdf>
(epstopdf)                    date: 2019-02-03 12:55:03
(epstopdf)                    size: 8702 bytes
(epstopdf)             Command: <repstopdf --outfile=./pics/rmr-eps-converted-t
o.pdf ./pics/rmr.eps>
(epstopdf)             \includegraphics on input line 61.
Package epstopdf Info: Output file is already uptodate.


pdfTeX warning: /usr/bin/pdflatex (file ./pics/rmr-eps-converted-to.pdf): PDF i
nclusion: found PDF version <1.7>, but at most version <1.5> allowed
<./pics/rmr-eps-converted-to.pdf, id=94, 542.025pt x 17.06375pt>
File: ./pics/rmr-eps-converted-to.pdf Graphic file (type pdf)

<use ./pics/rmr-eps-converted-to.pdf>
Package pdftex.def Info: ./pics/rmr-eps-converted-to.pdf used on input line 61.

(pdftex.def)             Requested size: 516.0pt x 16.24507pt.

Underfull \hbox (badness 10000) has occurred while \output is active

 []


Overfull \hbox (3.21994pt too wide) has occurred while \output is active
[] []  
 []

[1
Non-PDF special ignored!{/var/lib/texmf/fonts/map/pdftex/updmap/pdftex.map}


 <./pics/rmr-eps-converted-to.pdf>]
<Inertialsystem.PNG, id=118, 620.91975pt x 277.63725pt>
File: Inertialsystem.PNG Graphic file (type png)

<use Inertialsystem.PNG>
Package pdftex.def Info: Inertialsystem.PNG used on input line 81.
(pdftex.def)             Requested size: 241.84842pt x 108.13828pt.
 <RadimRohr.PNG, id=121, 305.34074pt x 227.04825pt>
File: RadimRohr.PNG Graphic file (type png)

<use RadimRohr.PNG>
Package pdftex.def Info: RadimRohr.PNG used on input line 88.
(pdftex.def)             Requested size: 199.16928pt x 148.10274pt.
Package epstopdf Info: Source file: <./pics/rmr2.eps>
(epstopdf)                    date: 2019-02-03 12:55:03
(epstopdf)                    size: 2462 bytes
(epstopdf)             Output file: <./pics/rmr2-eps-converted-to.pdf>
(epstopdf)                    date: 2019-02-03 12:55:03
(epstopdf)                    size: 2929 bytes
(epstopdf)             Command: <repstopdf --outfile=./pics/rmr2-eps-converted-
to.pdf ./pics/rmr2.eps>
(epstopdf)             \includegraphics on input line 110.
Package epstopdf Info: Output file is already uptodate.


pdfTeX warning: /usr/bin/pdflatex (file ./pics/rmr2-eps-converted-to.pdf): PDF 
inclusion: found PDF version <1.7>, but at most version <1.5> allowed
<./pics/rmr2-eps-converted-to.pdf, id=126, 543.02875pt x 18.0675pt>
File: ./pics/rmr2-eps-converted-to.pdf Graphic file (type pdf)

<use ./pics/rmr2-eps-converted-to.pdf>
Package pdftex.def Info: ./pics/rmr2-eps-converted-to.pdf used on input line 11
0.
(pdftex.def)             Requested size: 516.0pt x 17.16898pt.

Underfull \hbox (badness 10000) has occurred while \output is active

 []


Overfull \hbox (3.21994pt too wide) has occurred while \output is active
  [] 
 []

[2 <./pics/rmr2-eps-converted-to.pdf> <./Inertialsystem.PNG> <./RadimRohr.PNG>]
<AchsemitzweiRaedernimRohr.PNG, id=148, 330.033pt x 323.40825pt>
File: AchsemitzweiRaedernimRohr.PNG Graphic file (type png)

<use AchsemitzweiRaedernimRohr.PNG>
Package pdftex.def Info: AchsemitzweiRaedernimRohr.PNG used on input line 113.
(pdftex.def)             Requested size: 199.16928pt x 195.17157pt.
Package epstopdf Info: Source file: <./pics/rmr.eps>
(epstopdf)                    date: 2019-02-03 12:55:03
(epstopdf)                    size: 263974 bytes
(epstopdf)             Output file: <./pics/rmr-eps-converted-to.pdf>
(epstopdf)                    date: 2019-02-03 12:55:03
(epstopdf)                    size: 8702 bytes
(epstopdf)             Command: <repstopdf --outfile=./pics/rmr-eps-converted-t
o.pdf ./pics/rmr.eps>
(epstopdf)             \includegraphics on input line 136.
Package epstopdf Info: Output file is already uptodate.
File: ./pics/rmr-eps-converted-to.pdf Graphic file (type pdf)
 <use ./pics/rmr-eps-converted-to.pdf>
Package pdftex.def Info: ./pics/rmr-eps-converted-to.pdf used on input line 136
.
(pdftex.def)             Requested size: 516.0pt x 16.24507pt.

Underfull \hbox (badness 10000) has occurred while \output is active

 []


Overfull \hbox (1.60997pt too wide) has occurred while \output is active
[] [] 
 []

[3 <./AchsemitzweiRaedernimRohr.PNG>]
<MoeglicheMinimalkoordinaten.PNG, id=155, 312.56775pt x 330.033pt>
File: MoeglicheMinimalkoordinaten.PNG Graphic file (type png)

<use MoeglicheMinimalkoordinaten.PNG>
Package pdftex.def Info: MoeglicheMinimalkoordinaten.PNG used on input line 148
.
(pdftex.def)             Requested size: 199.16928pt x 210.29881pt.

<AufteilungderGeschwindigkeit.PNG, id=160, 267.399pt x 227.6505pt>
File: AufteilungderGeschwindigkeit.PNG Graphic file (type png)

<use AufteilungderGeschwindigkeit.PNG>
Package pdftex.def Info: AufteilungderGeschwindigkeit.PNG used on input line 18
3.
(pdftex.def)             Requested size: 199.16928pt x 169.56682pt.


LaTeX Warning: Command \" invalid in math mode on input line 199.

Missing character: There is no ö in font cmr7!
Package epstopdf Info: Source file: <./pics/rmr2.eps>
(epstopdf)                    date: 2019-02-03 12:55:03
(epstopdf)                    size: 2462 bytes
(epstopdf)             Output file: <./pics/rmr2-eps-converted-to.pdf>
(epstopdf)                    date: 2019-02-03 12:55:03
(epstopdf)                    size: 2929 bytes
(epstopdf)             Command: <repstopdf --outfile=./pics/rmr2-eps-converted-
to.pdf ./pics/rmr2.eps>
(epstopdf)             \includegraphics on input line 211.
Package epstopdf Info: Output file is already uptodate.
File: ./pics/rmr2-eps-converted-to.pdf Graphic file (type pdf)
<use ./pics/rmr2-eps-converted-to.pdf>
Package pdftex.def Info: ./pics/rmr2-eps-converted-to.pdf used on input line 21
1.
(pdftex.def)             Requested size: 516.0pt x 17.16898pt.

Underfull \hbox (badness 10000) has occurred while \output is active

 []


Overfull \hbox (3.21994pt too wide) has occurred while \output is active
  [] 
 []

[4 <./MoeglicheMinimalkoordinaten.PNG> <./AufteilungderGeschwindigkeit.PNG>]
<BlockschaltbildderRegelstrecke.PNG, id=184, 588.39825pt x 284.86424pt>
File: BlockschaltbildderRegelstrecke.PNG Graphic file (type png)

<use BlockschaltbildderRegelstrecke.PNG>
Package pdftex.def Info: BlockschaltbildderRegelstrecke.PNG used on input line 
259.
(pdftex.def)             Requested size: 256.0748pt x 123.97578pt.

Overfull \hbox (4.0748pt too wide) in paragraph at lines 259--260
 [][] 
 []

<RobotermitIMUKoordinaten.PNG, id=186, 732.336pt x 204.765pt>
File: RobotermitIMUKoordinaten.PNG Graphic file (type png)

<use RobotermitIMUKoordinaten.PNG>
Package pdftex.def Info: RobotermitIMUKoordinaten.PNG used on input line 276.
(pdftex.def)             Requested size: 241.84842pt x 67.62263pt.
Package epstopdf Info: Source file: <./pics/rmr.eps>
(epstopdf)                    date: 2019-02-03 12:55:03
(epstopdf)                    size: 263974 bytes
(epstopdf)             Output file: <./pics/rmr-eps-converted-to.pdf>
(epstopdf)                    date: 2019-02-03 12:55:03
(epstopdf)                    size: 8702 bytes
(epstopdf)             Command: <repstopdf --outfile=./pics/rmr-eps-converted-t
o.pdf ./pics/rmr.eps>
(epstopdf)             \includegraphics on input line 307.
Package epstopdf Info: Output file is already uptodate.
File: ./pics/rmr-eps-converted-to.pdf Graphic file (type pdf)
 <use ./pics/rmr-eps-converted-to.pdf>
Package pdftex.def Info: ./pics/rmr-eps-converted-to.pdf used on input line 307
.
(pdftex.def)             Requested size: 516.0pt x 16.24507pt.

Underfull \hbox (badness 10000) has occurred while \output is active

 []


Overfull \hbox (1.60997pt too wide) has occurred while \output is active
[] [] 
 []

[5 <./BlockschaltbildderRegelstrecke.PNG> <./RobotermitIMUKoordinaten.PNG>]
<PassivesGelenkzurBestimmungdesRollwinkels.JPG, id=210, 441.44925pt x 215.00325
pt>
File: PassivesGelenkzurBestimmungdesRollwinkels.JPG Graphic file (type jpg)
 <use PassivesGelenkzurBestimmungdesRollwinkels.JPG>
Package pdftex.def Info: PassivesGelenkzurBestimmungdesRollwinkels.JPG used on 
input line 311.
(pdftex.def)             Requested size: 241.84842pt x 117.78957pt.

Underfull \hbox (badness 1668) in paragraph at lines 322--323
[]\T1/ptm/m/n/10 Zur Re-ge-lung des Ro-bo-ters wer-den ver-schie-de-ne Re-
 []

Package epstopdf Info: Source file: <./pics/rmr2.eps>
(epstopdf)                    date: 2019-02-03 12:55:03
(epstopdf)                    size: 2462 bytes
(epstopdf)             Output file: <./pics/rmr2-eps-converted-to.pdf>
(epstopdf)                    date: 2019-02-03 12:55:03
(epstopdf)                    size: 2929 bytes
(epstopdf)             Command: <repstopdf --outfile=./pics/rmr2-eps-converted-
to.pdf ./pics/rmr2.eps>
(epstopdf)             \includegraphics on input line 334.
Package epstopdf Info: Output file is already uptodate.
File: ./pics/rmr2-eps-converted-to.pdf Graphic file (type pdf)
<use ./pics/rmr2-eps-converted-to.pdf>
Package pdftex.def Info: ./pics/rmr2-eps-converted-to.pdf used on input line 33
4.
(pdftex.def)             Requested size: 516.0pt x 17.16898pt.

Underfull \hbox (badness 10000) has occurred while \output is active

 []


Overfull \hbox (3.21994pt too wide) has occurred while \output is active
  [] 
 []

[6 <./PassivesGelenkzurBestimmungdesRollwinkels.JPG>]
<./pics/9.PNG, id=221, 557.6835pt x 195.73125pt>
File: ./pics/9.PNG Graphic file (type png)
 <use ./pics/9.PNG>
Package pdftex.def Info: ./pics/9.PNG used on input line 352.
(pdftex.def)             Requested size: 256.0748pt x 89.87917pt.

Overfull \hbox (4.0748pt too wide) in paragraph at lines 352--353
 [][] 
 []

<./pics/luenberger.jpg, id=226, 536.0025pt x 313.17pt>
File: ./pics/luenberger.jpg Graphic file (type jpg)

<use ./pics/luenberger.jpg>
Package pdftex.def Info: ./pics/luenberger.jpg used on input line 381.
(pdftex.def)             Requested size: 241.84842pt x 141.30269pt.
Package epstopdf Info: Source file: <./pics/rmr.eps>
(epstopdf)                    date: 2019-02-03 12:55:03
(epstopdf)                    size: 263974 bytes
(epstopdf)             Output file: <./pics/rmr-eps-converted-to.pdf>
(epstopdf)                    date: 2019-02-03 12:55:03
(epstopdf)                    size: 8702 bytes
(epstopdf)             Command: <repstopdf --outfile=./pics/rmr-eps-converted-t
o.pdf ./pics/rmr.eps>
(epstopdf)             \includegraphics on input line 387.
Package epstopdf Info: Output file is already uptodate.
File: ./pics/rmr-eps-converted-to.pdf Graphic file (type pdf)
 <use ./pics/rmr-eps-converted-to.pdf>
Package pdftex.def Info: ./pics/rmr-eps-converted-to.pdf used on input line 387
.
(pdftex.def)             Requested size: 516.0pt x 16.24507pt.

Underfull \hbox (badness 10000) has occurred while \output is active

 []


Overfull \hbox (1.60997pt too wide) has occurred while \output is active
[] [] 
 []

[7 <./pics/9.PNG> <./pics/luenberger.jpg>]
Underfull \hbox (badness 10000) in paragraph at lines 398--399

 []


Underfull \hbox (badness 10000) in paragraph at lines 409--410

 []

<pics/11.PNG, id=242, 754.017pt x 471.56175pt>
File: pics/11.PNG Graphic file (type png)
 <use pics/11.PNG>
Package pdftex.def Info: pics/11.PNG used on input line 453.
(pdftex.def)             Requested size: 256.0748pt x 160.14899pt.

Overfull \hbox (4.0748pt too wide) in paragraph at lines 453--455
 [][] 
 []


Underfull \hbox (badness 10000) in paragraph at lines 461--462

 []

Package epstopdf Info: Source file: <./pics/rmr2.eps>
(epstopdf)                    date: 2019-02-03 12:55:03
(epstopdf)                    size: 2462 bytes
(epstopdf)             Output file: <./pics/rmr2-eps-converted-to.pdf>
(epstopdf)                    date: 2019-02-03 12:55:03
(epstopdf)                    size: 2929 bytes
(epstopdf)             Command: <repstopdf --outfile=./pics/rmr2-eps-converted-
to.pdf ./pics/rmr2.eps>
(epstopdf)             \includegraphics on input line 467.
Package epstopdf Info: Output file is already uptodate.
File: ./pics/rmr2-eps-converted-to.pdf Graphic file (type pdf)
<use ./pics/rmr2-eps-converted-to.pdf>
Package pdftex.def Info: ./pics/rmr2-eps-converted-to.pdf used on input line 46
7.
(pdftex.def)             Requested size: 516.0pt x 17.16898pt.

Underfull \hbox (badness 10000) has occurred while \output is active

 []


Overfull \hbox (3.21994pt too wide) has occurred while \output is active
  [] 
 []

[8 <./pics/11.PNG>] <pics/12.png, id=256, 422.32782pt x 316.18124pt>
File: pics/12.png Graphic file (type png)

<use pics/12.png>
Package pdftex.def Info: pics/12.png used on input line 476.
(pdftex.def)             Requested size: 241.84842pt x 181.06464pt.


LaTeX Warning: `h' float specifier changed to `ht'.

<pics/13.png, id=258, 422.32782pt x 316.18124pt>
File: pics/13.png Graphic file (type png)
 <use pics/13.png>
Package pdftex.def Info: pics/13.png used on input line 484.
(pdftex.def)             Requested size: 241.84842pt x 181.06464pt.


LaTeX Warning: `h' float specifier changed to `ht'.

<pics/14.png, id=260, 422.32782pt x 316.18124pt>
File: pics/14.png Graphic file (type png)
 <use pics/14.png>
Package pdftex.def Info: pics/14.png used on input line 492.
(pdftex.def)             Requested size: 241.84842pt x 181.06464pt.
Package epstopdf Info: Source file: <./pics/rmr.eps>
(epstopdf)                    date: 2019-02-03 12:55:03
(epstopdf)                    size: 263974 bytes
(epstopdf)             Output file: <./pics/rmr-eps-converted-to.pdf>
(epstopdf)                    date: 2019-02-03 12:55:03
(epstopdf)                    size: 8702 bytes
(epstopdf)             Command: <repstopdf --outfile=./pics/rmr-eps-converted-t
o.pdf ./pics/rmr.eps>
(epstopdf)             \includegraphics on input line 498.
Package epstopdf Info: Output file is already uptodate.
File: ./pics/rmr-eps-converted-to.pdf Graphic file (type pdf)

<use ./pics/rmr-eps-converted-to.pdf>
Package pdftex.def Info: ./pics/rmr-eps-converted-to.pdf used on input line 498
.
(pdftex.def)             Requested size: 516.0pt x 16.24507pt.

Underfull \hbox (badness 10000) has occurred while \output is active

 []


Overfull \hbox (1.60997pt too wide) has occurred while \output is active
[] [] 
 []

[9 <./pics/12.png (PNG copy)> <./pics/13.png (PNG copy)> <./pics/14.png (PNG co
py)>] <pics/15.png, id=269, 422.32782pt x 316.18124pt>
File: pics/15.png Graphic file (type png)
 <use pics/15.png>
Package pdftex.def Info: pics/15.png used on input line 500.
(pdftex.def)             Requested size: 241.84842pt x 181.06464pt.

<pics/16.png, id=271, 422.32782pt x 316.18124pt>
File: pics/16.png Graphic file (type png)
 <use pics/16.png>
Package pdftex.def Info: pics/16.png used on input line 508.
(pdftex.def)             Requested size: 241.84842pt x 181.06464pt.

(./PS_Vorlage.bbl)
Package epstopdf Info: Source file: <./pics/rmr2.eps>
(epstopdf)                    date: 2019-02-03 12:55:03
(epstopdf)                    size: 2462 bytes
(epstopdf)             Output file: <./pics/rmr2-eps-converted-to.pdf>
(epstopdf)                    date: 2019-02-03 12:55:03
(epstopdf)                    size: 2929 bytes
(epstopdf)             Command: <repstopdf --outfile=./pics/rmr2-eps-converted-
to.pdf ./pics/rmr2.eps>
(epstopdf)             \includegraphics on input line 549.
Package epstopdf Info: Output file is already uptodate.
File: ./pics/rmr2-eps-converted-to.pdf Graphic file (type pdf)
 <use ./pics/rmr2-eps-converted-to.pdf>
Package pdftex.def Info: ./pics/rmr2-eps-converted-to.pdf used on input line 54
9.
(pdftex.def)             Requested size: 516.0pt x 17.16898pt.

Underfull \hbox (badness 10000) has occurred while \output is active

 []


Overfull \hbox (3.21994pt too wide) has occurred while \output is active
  [] 
 []

[10 <./pics/15.png (PNG copy)> <./pics/16.png (PNG copy)>]
<./pics/balze.jpg, id=297, 72.27pt x 96.36pt>
File: ./pics/balze.jpg Graphic file (type jpg)
 <use ./pics/balze.jpg>
Package pdftex.def Info: ./pics/balze.jpg used on input line 549.
(pdftex.def)             Requested size: 67.75293pt x 90.33725pt.
File: ./pics/balze.jpg Graphic file (type jpg)

<use ./pics/balze.jpg>
Package pdftex.def Info: ./pics/balze.jpg used on input line 549.
(pdftex.def)             Requested size: 67.75293pt x 90.33725pt.
 <./pics/nur.JPG, id=300, 746.79pt x 1606.0pt>
File: ./pics/nur.JPG Graphic file (type jpg)

<use ./pics/nur.JPG>
Package pdftex.def Info: ./pics/nur.JPG used on input line 555.
(pdftex.def)             Requested size: 42.00227pt x 90.32747pt.
File: ./pics/nur.JPG Graphic file (type jpg)
 <use ./pics/nur.JPG>
Package pdftex.def Info: ./pics/nur.JPG used on input line 555.
(pdftex.def)             Requested size: 42.00227pt x 90.32747pt.

<./pics/elias.jpg, id=303, 158.09062pt x 243.91125pt>
File: ./pics/elias.jpg Graphic file (type jpg)
 <use ./pics/elias.jpg>
Package pdftex.def Info: ./pics/elias.jpg used on input line 561.
(pdftex.def)             Requested size: 58.55292pt x 90.33879pt.
File: ./pics/elias.jpg Graphic file (type jpg)

<use ./pics/elias.jpg>
Package pdftex.def Info: ./pics/elias.jpg used on input line 561.
(pdftex.def)             Requested size: 58.55292pt x 90.33879pt.
 <./pics/davood.jpeg, id=306, 975.645pt x 1300.86pt>
File: ./pics/davood.jpeg Graphic file (type jpg)

<use ./pics/davood.jpeg>
Package pdftex.def Info: ./pics/davood.jpeg used on input line 567.
(pdftex.def)             Requested size: 67.7513pt x 90.33507pt.
File: ./pics/davood.jpeg Graphic file (type jpg)
 <use ./pics/davood.jpeg>
Package pdftex.def Info: ./pics/davood.jpeg used on input line 567.
(pdftex.def)             Requested size: 67.7513pt x 90.33507pt.
Package atveryend Info: Empty hook `BeforeClearDocument' on input line 573.
Package epstopdf Info: Source file: <./pics/rmr.eps>
(epstopdf)                    date: 2019-02-03 12:55:03
(epstopdf)                    size: 263974 bytes
(epstopdf)             Output file: <./pics/rmr-eps-converted-to.pdf>
(epstopdf)                    date: 2019-02-03 12:55:03
(epstopdf)                    size: 8702 bytes
(epstopdf)             Command: <repstopdf --outfile=./pics/rmr-eps-converted-t
o.pdf ./pics/rmr.eps>
(epstopdf)             \includegraphics on input line 573.
Package epstopdf Info: Output file is already uptodate.
File: ./pics/rmr-eps-converted-to.pdf Graphic file (type pdf)

<use ./pics/rmr-eps-converted-to.pdf>
Package pdftex.def Info: ./pics/rmr-eps-converted-to.pdf used on input line 573
.
(pdftex.def)             Requested size: 516.0pt x 16.24507pt.

Underfull \hbox (badness 10000) has occurred while \output is active

 []


Overfull \hbox (1.60997pt too wide) has occurred while \output is active
[] [] 
 []

[11

 <./pics/balze.jpg> <./pics/nur.JPG> <./pics/elias.jpg> <./pics/davood.jpeg>]
Package atveryend Info: Empty hook `AfterLastShipout' on input line 573.
 (./PS_Vorlage.aux)
Package atveryend Info: Executing hook `AtVeryEndDocument' on input line 573.
Package atveryend Info: Executing hook `AtEndAfterFileList' on input line 573.
Package rerunfilecheck Info: File `PS_Vorlage.out' has not changed.
(rerunfilecheck)             Checksum: 2CD33CA56F649E14FAFF59DF6F06FEAD;1362.
Package atveryend Info: Empty hook `AtVeryVeryEnd' on input line 573.
 ) 
Here is how much of TeX's memory you used:
 7460 strings out of 493029
 109125 string characters out of 6136233
 206922 words of memory out of 5000000
 10779 multiletter control sequences out of 15000+600000
 111431 words of font info for 116 fonts, out of 8000000 for 9000
 1141 hyphenation exceptions out of 8191
 34i,12n,37p,1761b,399s stack positions out of 5000i,500n,10000p,200000b,80000s
{/usr/share/texlive/texmf-dist/fonts/enc/dvips/base/8r.enc}</usr/share/texliv
e/texmf-dist/fonts/type1/public/amsfonts/cm/cmex10.pfb></usr/share/texlive/texm
f-dist/fonts/type1/public/amsfonts/cm/cmmi10.pfb></usr/share/texlive/texmf-dist
/fonts/type1/public/amsfonts/cm/cmmi5.pfb></usr/share/texlive/texmf-dist/fonts/
type1/public/amsfonts/cm/cmmi7.pfb></usr/share/texlive/texmf-dist/fonts/type1/p
ublic/amsfonts/cm/cmr10.pfb></usr/share/texlive/texmf-dist/fonts/type1/public/a
msfonts/cm/cmr5.pfb></usr/share/texlive/texmf-dist/fonts/type1/public/amsfonts/
cm/cmr7.pfb></usr/share/texlive/texmf-dist/fonts/type1/public/amsfonts/cm/cmsy1
0.pfb></usr/share/texlive/texmf-dist/fonts/type1/public/amsfonts/cm/cmsy7.pfb><
/usr/share/texlive/texmf-dist/fonts/type1/urw/times/utmb8a.pfb></usr/share/texl
ive/texmf-dist/fonts/type1/urw/times/utmbi8a.pfb></usr/share/texlive/texmf-dist
/fonts/type1/urw/times/utmr8a.pfb></usr/share/texlive/texmf-dist/fonts/type1/ur
w/times/utmri8a.pfb>
Output written on PS_Vorlage.pdf (11 pages, 1958954 bytes).
PDF statistics:
 382 PDF objects out of 1000 (max. 8388607)
 310 compressed objects within 4 object streams
 90 named destinations out of 1000 (max. 500000)
 335 words of extra memory for PDF output out of 10000 (max. 10000000)

