\BOOKMARK [1][-]{section.1}{Einf\374hrung}{}% 1
\BOOKMARK [1][-]{section.2}{Inbetriebnahme des Roboters}{}% 2
\BOOKMARK [2][-]{subsection.2.1}{Mikrocontroller}{section.2}% 3
\BOOKMARK [2][-]{subsection.2.2}{Servomotoren}{section.2}% 4
\BOOKMARK [2][-]{subsection.2.3}{Inertiale Messeinheit}{section.2}% 5
\BOOKMARK [2][-]{subsection.2.4}{Ansteuerung und Kommunikation}{section.2}% 6
\BOOKMARK [2][-]{subsection.2.5}{Simulation und Teststrecke}{section.2}% 7
\BOOKMARK [3][-]{subsubsection.2.5.1}{Simulation}{subsection.2.5}% 8
\BOOKMARK [3][-]{subsubsection.2.5.2}{Teststrecke}{subsection.2.5}% 9
\BOOKMARK [1][-]{section.3}{Modellbildung}{}% 10
\BOOKMARK [1][-]{section.4}{Messung}{}% 11
\BOOKMARK [1][-]{section.5}{Regler}{}% 12
\BOOKMARK [1][-]{section.6}{Auswertung}{}% 13
\BOOKMARK [1][-]{section.7}{Zusammenfassung}{}% 14
\BOOKMARK [1][-]{section*.1}{Anhang I: Optionaler Titel}{}% 15
\BOOKMARK [1][-]{section*.2}{Anhang II}{}% 16
\BOOKMARK [1][-]{section*.3}{Anhang III: Richtlinien f\374r das Verfassen wissenschaftlicher Arbeiten}{}% 17
\BOOKMARK [1][-]{section*.4}{Anhang IV: Hinweise zur Notation}{}% 18
\BOOKMARK [1][-]{section*.6}{Literaturverzeichnis}{}% 19
\BOOKMARK [1][-]{biography.0}{Biographies}{}% 20
\BOOKMARK [2][-]{biography.1}{Autor A}{biography.0}% 21
\BOOKMARK [2][-]{biography.2}{Autor B}{biography.0}% 22
\BOOKMARK [2][-]{biography.3}{Autor C}{biography.0}% 23
